2023-05-16 13:38:26,749:INFO:PyCaret ClassificationExperiment
2023-05-16 13:38:26,752:INFO:Logging name: clf-default-name
2023-05-16 13:38:26,753:INFO:ML Usecase: MLUsecase.CLASSIFICATION
2023-05-16 13:38:26,757:INFO:version 3.0.1
2023-05-16 13:38:26,757:INFO:Initializing setup()
2023-05-16 13:38:26,757:INFO:self.USI: 43a5
2023-05-16 13:38:26,757:INFO:self._variable_keys: {'gpu_param', 'X_test', 'target_param', '_ml_usecase', 'data', 'y_train', 'X_train', 'fold_groups_param', 'gpu_n_jobs_param', 'log_plots_param', 'exp_name_log', 'USI', 'fold_generator', 'fold_shuffle_param', 'logging_param', 'is_multiclass', 'html_param', 'y_test', 'exp_id', 'n_jobs_param', 'X', 'seed', 'pipeline', 'y', 'fix_imbalance', 'memory', 'idx', '_available_plots'}
2023-05-16 13:38:26,758:INFO:Checking environment
2023-05-16 13:38:26,758:INFO:python_version: 3.10.11
2023-05-16 13:38:26,758:INFO:python_build: ('main', 'Apr  5 2023 14:15:10')
2023-05-16 13:38:26,758:INFO:machine: x86_64
2023-05-16 13:38:26,759:INFO:platform: Linux-5.15.107+-x86_64-with-glibc2.31
2023-05-16 13:38:26,759:INFO:Memory: svmem(total=13613326336, available=11936837632, percent=12.3, used=1348374528, free=7612178432, active=709419008, inactive=4963987456, buffers=344104960, cached=4308668416, shared=2695168, slab=199626752)
2023-05-16 13:38:26,761:INFO:Physical Core: 1
2023-05-16 13:38:26,761:INFO:Logical Core: 2
2023-05-16 13:38:26,761:INFO:Checking libraries
2023-05-16 13:38:26,762:INFO:System:
2023-05-16 13:38:26,762:INFO:    python: 3.10.11 (main, Apr  5 2023, 14:15:10) [GCC 9.4.0]
2023-05-16 13:38:26,762:INFO:executable: /usr/bin/python3
2023-05-16 13:38:26,762:INFO:   machine: Linux-5.15.107+-x86_64-with-glibc2.31
2023-05-16 13:38:26,762:INFO:PyCaret required dependencies:
2023-05-16 13:38:26,763:INFO:                 pip: 23.1.2
2023-05-16 13:38:26,763:INFO:          setuptools: 67.7.2
2023-05-16 13:38:26,763:INFO:             pycaret: 3.0.1
2023-05-16 13:38:26,763:INFO:             IPython: 7.34.0
2023-05-16 13:38:26,764:INFO:          ipywidgets: 7.7.1
2023-05-16 13:38:26,764:INFO:                tqdm: 4.65.0
2023-05-16 13:38:26,764:INFO:               numpy: 1.22.4
2023-05-16 13:38:26,764:INFO:              pandas: 1.5.3
2023-05-16 13:38:26,764:INFO:              jinja2: 3.1.2
2023-05-16 13:38:26,764:INFO:               scipy: 1.10.1
2023-05-16 13:38:26,764:INFO:              joblib: 1.2.0
2023-05-16 13:38:26,764:INFO:             sklearn: 1.2.2
2023-05-16 13:38:26,764:INFO:                pyod: 1.0.9
2023-05-16 13:38:26,765:INFO:            imblearn: 0.10.1
2023-05-16 13:38:26,765:INFO:   category_encoders: 2.6.1
2023-05-16 13:38:26,765:INFO:            lightgbm: 3.3.5
2023-05-16 13:38:26,765:INFO:               numba: 0.56.4
2023-05-16 13:38:26,765:INFO:            requests: 2.27.1
2023-05-16 13:38:26,765:INFO:          matplotlib: 3.7.1
2023-05-16 13:38:26,765:INFO:          scikitplot: 0.3.7
2023-05-16 13:38:26,765:INFO:         yellowbrick: 1.5
2023-05-16 13:38:26,765:INFO:              plotly: 5.13.1
2023-05-16 13:38:26,765:INFO:             kaleido: 0.2.1
2023-05-16 13:38:26,766:INFO:         statsmodels: 0.13.5
2023-05-16 13:38:26,766:INFO:              sktime: 0.17.0
2023-05-16 13:38:26,766:INFO:               tbats: 1.1.3
2023-05-16 13:38:26,766:INFO:            pmdarima: 2.0.3
2023-05-16 13:38:26,766:INFO:              psutil: 5.9.5
2023-05-16 13:38:26,766:INFO:PyCaret optional dependencies:
2023-05-16 13:38:26,793:INFO:                shap: Not installed
2023-05-16 13:38:26,793:INFO:           interpret: Not installed
2023-05-16 13:38:26,793:INFO:                umap: Not installed
2023-05-16 13:38:26,794:INFO:    pandas_profiling: Not installed
2023-05-16 13:38:26,794:INFO:  explainerdashboard: Not installed
2023-05-16 13:38:26,794:INFO:             autoviz: Not installed
2023-05-16 13:38:26,794:INFO:           fairlearn: Not installed
2023-05-16 13:38:26,794:INFO:             xgboost: 1.7.5
2023-05-16 13:38:26,794:INFO:            catboost: Not installed
2023-05-16 13:38:26,794:INFO:              kmodes: Not installed
2023-05-16 13:38:26,795:INFO:             mlxtend: 0.14.0
2023-05-16 13:38:26,795:INFO:       statsforecast: Not installed
2023-05-16 13:38:26,795:INFO:        tune_sklearn: Not installed
2023-05-16 13:38:26,795:INFO:                 ray: Not installed
2023-05-16 13:38:26,795:INFO:            hyperopt: 0.2.7
2023-05-16 13:38:26,795:INFO:              optuna: Not installed
2023-05-16 13:38:26,795:INFO:               skopt: Not installed
2023-05-16 13:38:26,795:INFO:              mlflow: Not installed
2023-05-16 13:38:26,796:INFO:              gradio: Not installed
2023-05-16 13:38:26,796:INFO:             fastapi: Not installed
2023-05-16 13:38:26,796:INFO:             uvicorn: Not installed
2023-05-16 13:38:26,796:INFO:              m2cgen: Not installed
2023-05-16 13:38:26,796:INFO:           evidently: Not installed
2023-05-16 13:38:26,796:INFO:               fugue: Not installed
2023-05-16 13:38:26,796:INFO:           streamlit: Not installed
2023-05-16 13:38:26,796:INFO:             prophet: 1.1.2
2023-05-16 13:38:26,796:INFO:None
2023-05-16 13:38:26,797:INFO:Set up data.
